[debug] [2021-10-30T02:06:19.810Z] ----------------------------------------------------------------------
[debug] [2021-10-30T02:06:19.812Z] Command:       C:\Program Files\nodejs\node.exe C:\Program Files\nodejs\node_modules\firebase-tools\lib\bin\firebase.js init
[debug] [2021-10-30T02:06:19.812Z] CLI Version:   9.10.0
[debug] [2021-10-30T02:06:19.812Z] Platform:      win32
[debug] [2021-10-30T02:06:19.812Z] Node Version:  v16.0.0
[debug] [2021-10-30T02:06:19.814Z] Time:          Sat Oct 30 2021 12:06:19 GMT+1000 (Australian Eastern Standard Time)
[debug] [2021-10-30T02:06:19.814Z] ----------------------------------------------------------------------
[debug] 
[debug] [2021-10-30T02:06:19.822Z] > command requires scopes: ["email","openid","https://www.googleapis.com/auth/cloudplatformprojects.readonly","https://www.googleapis.com/auth/firebase","https://www.googleapis.com/auth/cloud-platform"]
[debug] [2021-10-30T02:06:19.822Z] > authorizing via signed-in user (paula.gomezpe26@gmail.com)
[info] 
     ######## #### ########  ######## ########     ###     ######  ########
     ##        ##  ##     ## ##       ##     ##  ##   ##  ##       ##
     ######    ##  ########  ######   ########  #########  ######  ######
     ##        ##  ##    ##  ##       ##     ## ##     ##       ## ##
     ##       #### ##     ## ######## ########  ##     ##  ######  ########

You're about to initialize a Firebase project in this directory:

  C:\Users\alexp\OneDrive\Documents\VSCode Folders\activity-planner

[info] 
=== Project Setup
[info] 
[info] First, let's associate this project directory with a Firebase project.
[info] You can create multiple project aliases by running firebase use --add, 
[info] but for now we'll just set up a default project.
[info] 
[debug] [2021-10-30T02:06:46.161Z] > refreshing access token with scopes: []
[debug] [2021-10-30T02:06:46.161Z] >>> HTTP REQUEST POST https://www.googleapis.com/oauth2/v3/token  
 <request body omitted>
[debug] [2021-10-30T02:06:46.491Z] <<< HTTP RESPONSE 200 {"cache-control":"no-cache, no-store, max-age=0, must-revalidate","date":"Sat, 30 Oct 2021 02:03:38 GMT","expires":"Mon, 01 Jan 1990 00:00:00 GMT","pragma":"no-cache","content-type":"application/json; charset=utf-8","vary":"X-Origin, Referer, Origin,Accept-Encoding","server":"scaffolding on HTTPServer2","x-xss-protection":"0","x-frame-options":"SAMEORIGIN","x-content-type-options":"nosniff","alt-svc":"h3=\":443\"; ma=2592000,h3-29=\":443\"; ma=2592000,h3-Q050=\":443\"; ma=2592000,h3-Q046=\":443\"; ma=2592000,h3-Q043=\":443\"; ma=2592000,quic=\":443\"; ma=2592000; v=\"46,43\"","accept-ranges":"none","transfer-encoding":"chunked"}
[debug] [2021-10-30T02:06:46.507Z] >>> [apiv2][query] GET https://firebase.googleapis.com/v1beta1/projects pageSize=100
[debug] [2021-10-30T02:06:47.351Z] <<< [apiv2][status] GET https://firebase.googleapis.com/v1beta1/projects 200
[debug] [2021-10-30T02:06:47.351Z] <<< [apiv2][body] GET https://firebase.googleapis.com/v1beta1/projects [omitted]
[debug] [2021-10-30T02:10:23.721Z] ----------------------------------------------------------------------
[debug] [2021-10-30T02:10:23.723Z] Command:       C:\Program Files\nodejs\node.exe C:\Program Files\nodejs\node_modules\firebase-tools\lib\bin\firebase.js init
[debug] [2021-10-30T02:10:23.724Z] CLI Version:   9.10.0
[debug] [2021-10-30T02:10:23.724Z] Platform:      win32
[debug] [2021-10-30T02:10:23.724Z] Node Version:  v16.0.0
[debug] [2021-10-30T02:10:23.725Z] Time:          Sat Oct 30 2021 12:10:23 GMT+1000 (Australian Eastern Standard Time)
[debug] [2021-10-30T02:10:23.725Z] ----------------------------------------------------------------------
[debug] 
[debug] [2021-10-30T02:10:23.734Z] > command requires scopes: ["email","openid","https://www.googleapis.com/auth/cloudplatformprojects.readonly","https://www.googleapis.com/auth/firebase","https://www.googleapis.com/auth/cloud-platform"]
[debug] [2021-10-30T02:10:23.734Z] > authorizing via signed-in user (paula.gomezpe26@gmail.com)
[info] 
     ######## #### ########  ######## ########     ###     ######  ########
     ##        ##  ##     ## ##       ##     ##  ##   ##  ##       ##
     ######    ##  ########  ######   ########  #########  ######  ######
     ##        ##  ##    ##  ##       ##     ## ##     ##       ## ##
     ##       #### ##     ## ######## ########  ##     ##  ######  ########

You're about to initialize a Firebase project in this directory:

  C:\Users\alexp\OneDrive\Documents\VSCode Folders\activity-planner

[info] 
=== Project Setup
[info] 
[info] First, let's associate this project directory with a Firebase project.
[info] You can create multiple project aliases by running firebase use --add, 
[info] but for now we'll just set up a default project.
[info] 
[debug] [2021-10-30T02:10:36.377Z] >>> [apiv2][query] GET https://firebase.googleapis.com/v1beta1/projects pageSize=100
[debug] [2021-10-30T02:10:37.221Z] <<< [apiv2][status] GET https://firebase.googleapis.com/v1beta1/projects 200
[debug] [2021-10-30T02:10:37.221Z] <<< [apiv2][body] GET https://firebase.googleapis.com/v1beta1/projects [omitted]
